<?xml version="1.0" encoding="UTF-8"?>
<!-- Generated by org.testng.reporters.JUnitXMLReporter -->
<testsuite ignored="16" hostname="Gopi-PC" failures="0" tests="5" name="Test" time="112.537" errors="0" timestamp="2024-10-01T10:48:31 IST">
  <testcase classname="Tests.TC001_LoginPage" name="loginApp" time="2.127"/>
  <testcase classname="Tests.TC002_AddProductToCart" name="addProduct" time="2.672"/>
  <testcase classname="Tests.TC003_MyCart" name="verifyCart" time="4.041"/>
  <testcase classname="Tests.TC004_CheckOut" name="placeOrder" time="9.707"/>
  <testcase classname="Tests.TC005_ConfirmationPage" name="placeOrder" time="10.169"/>
  <testcase classname="Utils.Reporter" name="@BeforeSuite startReport" time="0.0">
    <ignored/>
  </testcase> <!-- @BeforeSuite startReport -->
  <testcase classname="Base.ProjectSpecificMethods" name="@AfterSuite unloadUserData" time="0.0">
    <ignored/>
  </testcase> <!-- @AfterSuite unloadUserData -->
  <testcase classname="Base.ProjectSpecificMethods" name="@BeforeSuite loadUserData" time="0.0">
    <ignored/>
  </testcase> <!-- @BeforeSuite loadUserData -->
  <testcase classname="Utils.Reporter" name="@BeforeSuite startReport" time="0.0">
    <ignored/>
  </testcase> <!-- @BeforeSuite startReport -->
  <testcase classname="Utils.Reporter" name="@AfterSuite stopReport" time="0.0">
    <ignored/>
  </testcase> <!-- @AfterSuite stopReport -->
  <testcase classname="Utils.Reporter" name="@BeforeSuite startReport" time="0.0">
    <ignored/>
  </testcase> <!-- @BeforeSuite startReport -->
  <testcase classname="Utils.Reporter" name="@AfterSuite stopReport" time="0.0">
    <ignored/>
  </testcase> <!-- @AfterSuite stopReport -->
  <testcase classname="Base.ProjectSpecificMethods" name="@BeforeSuite loadUserData" time="0.0">
    <ignored/>
  </testcase> <!-- @BeforeSuite loadUserData -->
  <testcase classname="Base.ProjectSpecificMethods" name="@BeforeSuite loadUserData" time="0.0">
    <ignored/>
  </testcase> <!-- @BeforeSuite loadUserData -->
  <testcase classname="Utils.Reporter" name="@BeforeSuite startReport" time="0.0">
    <ignored/>
  </testcase> <!-- @BeforeSuite startReport -->
  <testcase classname="Base.ProjectSpecificMethods" name="@AfterSuite unloadUserData" time="0.0">
    <ignored/>
  </testcase> <!-- @AfterSuite unloadUserData -->
  <testcase classname="Base.ProjectSpecificMethods" name="@AfterSuite unloadUserData" time="0.0">
    <ignored/>
  </testcase> <!-- @AfterSuite unloadUserData -->
  <testcase classname="Base.ProjectSpecificMethods" name="@AfterSuite unloadUserData" time="0.0">
    <ignored/>
  </testcase> <!-- @AfterSuite unloadUserData -->
  <testcase classname="Utils.Reporter" name="@AfterSuite stopReport" time="0.0">
    <ignored/>
  </testcase> <!-- @AfterSuite stopReport -->
  <testcase classname="Base.ProjectSpecificMethods" name="@BeforeSuite loadUserData" time="0.0">
    <ignored/>
  </testcase> <!-- @BeforeSuite loadUserData -->
  <testcase classname="Utils.Reporter" name="@AfterSuite stopReport" time="0.0">
    <ignored/>
  </testcase> <!-- @AfterSuite stopReport -->
</testsuite> <!-- Test -->
