<?xml version="1.0" encoding="UTF-8"?>
<!-- Generated by org.testng.reporters.JUnitXMLReporter -->
<testsuite ignored="16" hostname="Gopi-PC" failures="0" tests="5" name="Test" time="138.264" errors="0" timestamp="2024-09-07T17:08:47 IST">
  <testcase classname="Tests.TC002_AddProductToCart" name="addProduct" time="1.781"/>
  <testcase classname="Tests.TC005_ConfirmationPage" name="placeOrder" time="10.711"/>
  <testcase classname="Tests.TC004_CheckOut" name="placeOrder" time="8.839"/>
  <testcase classname="Tests.TC001_LoginPage" name="loginApp" time="1.358"/>
  <testcase classname="Tests.TC003_MyCart" name="verifyCart" time="4.289"/>
  <testcase classname="Utils.Reporter" name="@BeforeSuite startReport" time="0.0">
    <ignored/>
  </testcase> <!-- @BeforeSuite startReport -->
  <testcase classname="Base.ProjectSpecificMethods" name="@AfterSuite unloadUserData" time="0.0">
    <ignored/>
  </testcase> <!-- @AfterSuite unloadUserData -->
  <testcase classname="Utils.Reporter" name="@AfterSuite stopReport" time="0.0">
    <ignored/>
  </testcase> <!-- @AfterSuite stopReport -->
  <testcase classname="Base.ProjectSpecificMethods" name="@BeforeSuite loadUserData" time="0.0">
    <ignored/>
  </testcase> <!-- @BeforeSuite loadUserData -->
  <testcase classname="Utils.Reporter" name="@BeforeSuite startReport" time="0.0">
    <ignored/>
  </testcase> <!-- @BeforeSuite startReport -->
  <testcase classname="Utils.Reporter" name="@AfterSuite stopReport" time="0.0">
    <ignored/>
  </testcase> <!-- @AfterSuite stopReport -->
  <testcase classname="Utils.Reporter" name="@BeforeSuite startReport" time="0.0">
    <ignored/>
  </testcase> <!-- @BeforeSuite startReport -->
  <testcase classname="Base.ProjectSpecificMethods" name="@BeforeSuite loadUserData" time="0.0">
    <ignored/>
  </testcase> <!-- @BeforeSuite loadUserData -->
  <testcase classname="Base.ProjectSpecificMethods" name="@BeforeSuite loadUserData" time="0.0">
    <ignored/>
  </testcase> <!-- @BeforeSuite loadUserData -->
  <testcase classname="Base.ProjectSpecificMethods" name="@BeforeSuite loadUserData" time="0.0">
    <ignored/>
  </testcase> <!-- @BeforeSuite loadUserData -->
  <testcase classname="Utils.Reporter" name="@BeforeSuite startReport" time="0.0">
    <ignored/>
  </testcase> <!-- @BeforeSuite startReport -->
  <testcase classname="Base.ProjectSpecificMethods" name="@AfterSuite unloadUserData" time="0.0">
    <ignored/>
  </testcase> <!-- @AfterSuite unloadUserData -->
  <testcase classname="Base.ProjectSpecificMethods" name="@AfterSuite unloadUserData" time="0.0">
    <ignored/>
  </testcase> <!-- @AfterSuite unloadUserData -->
  <testcase classname="Utils.Reporter" name="@AfterSuite stopReport" time="0.0">
    <ignored/>
  </testcase> <!-- @AfterSuite stopReport -->
  <testcase classname="Utils.Reporter" name="@AfterSuite stopReport" time="0.0">
    <ignored/>
  </testcase> <!-- @AfterSuite stopReport -->
  <testcase classname="Base.ProjectSpecificMethods" name="@AfterSuite unloadUserData" time="0.0">
    <ignored/>
  </testcase> <!-- @AfterSuite unloadUserData -->
</testsuite> <!-- Test -->
