<?xml version="1.0" encoding="UTF-8"?>
<testng-results ignored="16" total="21" passed="5" failed="0" skipped="0">
  <reporter-output>
  </reporter-output>
  <suite started-at="2024-10-01T18:16:54 IST" name="Suite" finished-at="2024-10-01T18:17:38 IST" duration-ms="43860">
    <groups>
    </groups>
    <test started-at="2024-10-01T18:16:54 IST" name="Test" finished-at="2024-10-01T18:17:38 IST" duration-ms="43860">
      <class name="Tests.TC004_CheckOut">
        <test-method is-config="true" signature="setvalues()[pri:0, instance:Tests.TC004_CheckOut@4d1c005e]" started-at="2024-10-01T18:16:54 IST" name="setvalues" finished-at="2024-10-01T18:16:54 IST" duration-ms="1" status="PASS">
          <reporter-output>
          </reporter-output>
        </test-method> <!-- setvalues -->
        <test-method is-config="true" signature="report()[pri:0, instance:Tests.TC004_CheckOut@4d1c005e]" started-at="2024-10-01T18:17:15 IST" name="report" finished-at="2024-10-01T18:17:15 IST" duration-ms="1" status="PASS">
          <reporter-output>
          </reporter-output>
        </test-method> <!-- report -->
        <test-method is-config="true" signature="setUp()[pri:0, instance:Tests.TC004_CheckOut@4d1c005e]" started-at="2024-10-01T18:17:15 IST" name="setUp" finished-at="2024-10-01T18:17:18 IST" duration-ms="3170" status="PASS">
          <reporter-output>
          </reporter-output>
        </test-method> <!-- setUp -->
        <test-method signature="placeOrder(java.lang.String,java.lang.String)[pri:0, instance:Tests.TC004_CheckOut@4d1c005e]" started-at="2024-10-01T18:17:19 IST" name="placeOrder" data-provider="fetchData" finished-at="2024-10-01T18:17:27 IST" duration-ms="8218" status="PASS">
          <params>
            <param index="0">
              <value>
                <![CDATA[adithya5012@gmail.com]]>
              </value>
            </param>
            <param index="1">
              <value>
                <![CDATA[Spartan123]]>
              </value>
            </param>
          </params>
          <reporter-output>
          </reporter-output>
        </test-method> <!-- placeOrder -->
        <test-method is-config="true" signature="tearDown()[pri:0, instance:Tests.TC004_CheckOut@4d1c005e]" started-at="2024-10-01T18:17:27 IST" name="tearDown" finished-at="2024-10-01T18:17:27 IST" duration-ms="146" status="PASS">
          <reporter-output>
          </reporter-output>
        </test-method> <!-- tearDown -->
      </class> <!-- Tests.TC004_CheckOut -->
      <class name="Tests.TC001_LoginPage">
        <test-method is-config="true" signature="startReport()[pri:0, instance:Tests.TC001_LoginPage@1caa0244]" started-at="2024-10-01T18:16:54 IST" name="startReport" finished-at="2024-10-01T18:16:54 IST" duration-ms="526" status="PASS">
          <reporter-output>
          </reporter-output>
        </test-method> <!-- startReport -->
        <test-method is-config="true" signature="loadUserData()[pri:0, instance:Tests.TC001_LoginPage@1caa0244]" started-at="2024-10-01T18:16:54 IST" name="loadUserData" finished-at="2024-10-01T18:16:54 IST" depends-on-methods="Utils.Reporter.startReport" duration-ms="1" status="PASS">
          <reporter-output>
          </reporter-output>
        </test-method> <!-- loadUserData -->
        <test-method is-config="true" signature="setvalues()[pri:0, instance:Tests.TC001_LoginPage@1caa0244]" started-at="2024-10-01T18:16:54 IST" name="setvalues" finished-at="2024-10-01T18:16:54 IST" duration-ms="1" status="PASS">
          <reporter-output>
          </reporter-output>
        </test-method> <!-- setvalues -->
        <test-method is-config="true" signature="report()[pri:0, instance:Tests.TC001_LoginPage@1caa0244]" started-at="2024-10-01T18:16:54 IST" name="report" finished-at="2024-10-01T18:16:55 IST" duration-ms="16" status="PASS">
          <reporter-output>
          </reporter-output>
        </test-method> <!-- report -->
        <test-method is-config="true" signature="setUp()[pri:0, instance:Tests.TC001_LoginPage@1caa0244]" started-at="2024-10-01T18:16:55 IST" name="setUp" finished-at="2024-10-01T18:17:02 IST" duration-ms="7680" status="PASS">
          <reporter-output>
          </reporter-output>
        </test-method> <!-- setUp -->
        <test-method signature="loginApp(java.lang.String,java.lang.String)[pri:0, instance:Tests.TC001_LoginPage@1caa0244]" started-at="2024-10-01T18:17:03 IST" name="loginApp" data-provider="fetchData" finished-at="2024-10-01T18:17:04 IST" duration-ms="1059" status="PASS">
          <params>
            <param index="0">
              <value>
                <![CDATA[adithya5012@gmail.com]]>
              </value>
            </param>
            <param index="1">
              <value>
                <![CDATA[Spartan123]]>
              </value>
            </param>
          </params>
          <reporter-output>
          </reporter-output>
        </test-method> <!-- loginApp -->
        <test-method is-config="true" signature="tearDown()[pri:0, instance:Tests.TC001_LoginPage@1caa0244]" started-at="2024-10-01T18:17:04 IST" name="tearDown" finished-at="2024-10-01T18:17:05 IST" duration-ms="94" status="PASS">
          <reporter-output>
          </reporter-output>
        </test-method> <!-- tearDown -->
        <test-method is-config="true" signature="unloadUserData()[pri:0, instance:Tests.TC001_LoginPage@1caa0244]" started-at="2024-10-01T18:17:38 IST" name="unloadUserData" finished-at="2024-10-01T18:17:38 IST" duration-ms="0" status="PASS">
          <reporter-output>
          </reporter-output>
        </test-method> <!-- unloadUserData -->
        <test-method is-config="true" signature="stopReport()[pri:0, instance:Tests.TC001_LoginPage@1caa0244]" started-at="2024-10-01T18:17:38 IST" name="stopReport" finished-at="2024-10-01T18:17:39 IST" depends-on-methods="Base.ProjectSpecificMethods.unloadUserData" duration-ms="648" status="PASS">
          <reporter-output>
          </reporter-output>
        </test-method> <!-- stopReport -->
      </class> <!-- Tests.TC001_LoginPage -->
      <class name="Tests.TC002_AddProductToCart">
        <test-method is-config="true" signature="setvalues()[pri:0, instance:Tests.TC002_AddProductToCart@231f98ef]" started-at="2024-10-01T18:16:54 IST" name="setvalues" finished-at="2024-10-01T18:16:54 IST" duration-ms="0" status="PASS">
          <reporter-output>
          </reporter-output>
        </test-method> <!-- setvalues -->
        <test-method is-config="true" signature="setUp()[pri:0, instance:Tests.TC002_AddProductToCart@231f98ef]" started-at="2024-10-01T18:17:05 IST" name="setUp" finished-at="2024-10-01T18:17:08 IST" duration-ms="3234" status="PASS">
          <reporter-output>
          </reporter-output>
        </test-method> <!-- setUp -->
        <test-method is-config="true" signature="report()[pri:0, instance:Tests.TC002_AddProductToCart@231f98ef]" started-at="2024-10-01T18:17:05 IST" name="report" finished-at="2024-10-01T18:17:05 IST" duration-ms="0" status="PASS">
          <reporter-output>
          </reporter-output>
        </test-method> <!-- report -->
        <test-method signature="addProduct(java.lang.String,java.lang.String)[pri:0, instance:Tests.TC002_AddProductToCart@231f98ef]" started-at="2024-10-01T18:17:08 IST" name="addProduct" data-provider="fetchData" finished-at="2024-10-01T18:17:09 IST" duration-ms="1392" status="PASS">
          <params>
            <param index="0">
              <value>
                <![CDATA[adithya5012@gmail.com]]>
              </value>
            </param>
            <param index="1">
              <value>
                <![CDATA[Spartan123]]>
              </value>
            </param>
          </params>
          <reporter-output>
          </reporter-output>
        </test-method> <!-- addProduct -->
        <test-method is-config="true" signature="tearDown()[pri:0, instance:Tests.TC002_AddProductToCart@231f98ef]" started-at="2024-10-01T18:17:09 IST" name="tearDown" finished-at="2024-10-01T18:17:09 IST" duration-ms="91" status="PASS">
          <reporter-output>
          </reporter-output>
        </test-method> <!-- tearDown -->
      </class> <!-- Tests.TC002_AddProductToCart -->
      <class name="Tests.TC005_ConfirmationPage">
        <test-method is-config="true" signature="setvalues()[pri:0, instance:Tests.TC005_ConfirmationPage@70ed52de]" started-at="2024-10-01T18:16:54 IST" name="setvalues" finished-at="2024-10-01T18:16:54 IST" duration-ms="1" status="PASS">
          <reporter-output>
          </reporter-output>
        </test-method> <!-- setvalues -->
        <test-method is-config="true" signature="report()[pri:0, instance:Tests.TC005_ConfirmationPage@70ed52de]" started-at="2024-10-01T18:17:27 IST" name="report" finished-at="2024-10-01T18:17:27 IST" duration-ms="0" status="PASS">
          <reporter-output>
          </reporter-output>
        </test-method> <!-- report -->
        <test-method is-config="true" signature="setUp()[pri:0, instance:Tests.TC005_ConfirmationPage@70ed52de]" started-at="2024-10-01T18:17:27 IST" name="setUp" finished-at="2024-10-01T18:17:30 IST" duration-ms="3233" status="PASS">
          <reporter-output>
          </reporter-output>
        </test-method> <!-- setUp -->
        <test-method signature="placeOrder(java.lang.String,java.lang.String)[pri:0, instance:Tests.TC005_ConfirmationPage@70ed52de]" started-at="2024-10-01T18:17:30 IST" name="placeOrder" data-provider="fetchData" finished-at="2024-10-01T18:17:38 IST" duration-ms="7974" status="PASS">
          <params>
            <param index="0">
              <value>
                <![CDATA[adithya5012@gmail.com]]>
              </value>
            </param>
            <param index="1">
              <value>
                <![CDATA[Spartan123]]>
              </value>
            </param>
          </params>
          <reporter-output>
          </reporter-output>
        </test-method> <!-- placeOrder -->
        <test-method is-config="true" signature="tearDown()[pri:0, instance:Tests.TC005_ConfirmationPage@70ed52de]" started-at="2024-10-01T18:17:38 IST" name="tearDown" finished-at="2024-10-01T18:17:38 IST" duration-ms="104" status="PASS">
          <reporter-output>
          </reporter-output>
        </test-method> <!-- tearDown -->
      </class> <!-- Tests.TC005_ConfirmationPage -->
      <class name="Tests.TC003_MyCart">
        <test-method is-config="true" signature="setvalues()[pri:0, instance:Tests.TC003_MyCart@221a3fa4]" started-at="2024-10-01T18:16:54 IST" name="setvalues" finished-at="2024-10-01T18:16:54 IST" duration-ms="0" status="PASS">
          <reporter-output>
          </reporter-output>
        </test-method> <!-- setvalues -->
        <test-method is-config="true" signature="report()[pri:0, instance:Tests.TC003_MyCart@221a3fa4]" started-at="2024-10-01T18:17:09 IST" name="report" finished-at="2024-10-01T18:17:09 IST" duration-ms="0" status="PASS">
          <reporter-output>
          </reporter-output>
        </test-method> <!-- report -->
        <test-method is-config="true" signature="setUp()[pri:0, instance:Tests.TC003_MyCart@221a3fa4]" started-at="2024-10-01T18:17:09 IST" name="setUp" finished-at="2024-10-01T18:17:12 IST" duration-ms="3082" status="PASS">
          <reporter-output>
          </reporter-output>
        </test-method> <!-- setUp -->
        <test-method signature="verifyCart(java.lang.String,java.lang.String)[pri:0, instance:Tests.TC003_MyCart@221a3fa4]" started-at="2024-10-01T18:17:13 IST" name="verifyCart" data-provider="fetchData" finished-at="2024-10-01T18:17:15 IST" duration-ms="2700" status="PASS">
          <params>
            <param index="0">
              <value>
                <![CDATA[adithya5012@gmail.com]]>
              </value>
            </param>
            <param index="1">
              <value>
                <![CDATA[Spartan123]]>
              </value>
            </param>
          </params>
          <reporter-output>
          </reporter-output>
        </test-method> <!-- verifyCart -->
        <test-method is-config="true" signature="tearDown()[pri:0, instance:Tests.TC003_MyCart@221a3fa4]" started-at="2024-10-01T18:17:15 IST" name="tearDown" finished-at="2024-10-01T18:17:15 IST" duration-ms="91" status="PASS">
          <reporter-output>
          </reporter-output>
        </test-method> <!-- tearDown -->
      </class> <!-- Tests.TC003_MyCart -->
    </test> <!-- Test -->
  </suite> <!-- Suite -->
</testng-results>
